<?xml version="1.0" encoding="UTF-8"?>
<!-- Generated by org.testng.reporters.JUnitReportReporter -->
<testsuite hostname="DESKTOP-A0O6G1D" failures="0" tests="1" name="TS_package.TestCase1" time="84.929" errors="0" timestamp="14 Apr 2023 06:23:55 GMT" skipped="0">
  <testcase classname="TS_package.TestCase1" name="testcase1_1" time="84.929"/>
</testsuite> <!-- TS_package.TestCase1 -->
